{"meta": {"format": 3, "version": "7.10.7", "timestamp": "2025-12-28T19:43:27.260810", "branch_coverage": false, "show_contexts": false}, "files": {"backend/app/__init__.py": {"executed_lines": [1], "summary": {"covered_lines": 0, "num_statements": 0, "percent_covered": 100.0, "percent_covered_display": "100", "missing_lines": 0, "excluded_lines": 0}, "missing_lines": [], "excluded_lines": [], "functions": {"": {"executed_lines": [1], "summary": {"covered_lines": 0, "num_statements": 0, "percent_covered": 100.0, "percent_covered_display": "100", "missing_lines": 0, "excluded_lines": 0}, "missing_lines": [], "excluded_lines": []}}, "classes": {"": {"executed_lines": [1], "summary": {"covered_lines": 0, "num_statements": 0, "percent_covered": 100.0, "percent_covered_display": "100", "missing_lines": 0, "excluded_lines": 0}, "missing_lines": [], "excluded_lines": []}}}, "backend/app/api/__init__.py": {"executed_lines": [1], "summary": {"covered_lines": 0, "num_statements": 0, "percent_covered": 100.0, "percent_covered_display": "100", "missing_lines": 0, "excluded_lines": 0}, "missing_lines": [], "excluded_lines": [], "functions": {"": {"executed_lines": [1], "summary": {"covered_lines": 0, "num_statements": 0, "percent_covered": 100.0, "percent_covered_display": "100", "missing_lines": 0, "excluded_lines": 0}, "missing_lines": [], "excluded_lines": []}}, "classes": {"": {"executed_lines": [1], "summary": {"covered_lines": 0, "num_statements": 0, "percent_covered": 100.0, "percent_covered_display": "100", "missing_lines": 0, "excluded_lines": 0}, "missing_lines": [], "excluded_lines": []}}}, "backend/app/api/endpoints/__init__.py": {"executed_lines": [1], "summary": {"covered_lines": 0, "num_statements": 0, "percent_covered": 100.0, "percent_covered_display": "100", "missing_lines": 0, "excluded_lines": 0}, "missing_lines": [], "excluded_lines": [], "functions": {"": {"executed_lines": [1], "summary": {"covered_lines": 0, "num_statements": 0, "percent_covered": 100.0, "percent_covered_display": "100", "missing_lines": 0, "excluded_lines": 0}, "missing_lines": [], "excluded_lines": []}}, "classes": {"": {"executed_lines": [1], "summary": {"covered_lines": 0, "num_statements": 0, "percent_covered": 100.0, "percent_covered_display": "100", "missing_lines": 0, "excluded_lines": 0}, "missing_lines": [], "excluded_lines": []}}}, "backend/app/api/endpoints/health.py": {"executed_lines": [1, 2, 3, 4, 6, 8, 9, 15, 23, 24, 30], "summary": {"covered_lines": 11, "num_statements": 11, "percent_covered": 100.0, "percent_covered_display": "100", "missing_lines": 0, "excluded_lines": 0}, "missing_lines": [], "excluded_lines": [], "functions": {"health_check": {"executed_lines": [15], "summary": {"covered_lines": 1, "num_statements": 1, "percent_covered": 100.0, "percent_covered_display": "100", "missing_lines": 0, "excluded_lines": 0}, "missing_lines": [], "excluded_lines": []}, "extended_health_check": {"executed_lines": [30], "summary": {"covered_lines": 1, "num_statements": 1, "percent_covered": 100.0, "percent_covered_display": "100", "missing_lines": 0, "excluded_lines": 0}, "missing_lines": [], "excluded_lines": []}, "": {"executed_lines": [1, 2, 3, 4, 6, 8, 9, 23, 24], "summary": {"covered_lines": 9, "num_statements": 9, "percent_covered": 100.0, "percent_covered_display": "100", "missing_lines": 0, "excluded_lines": 0}, "missing_lines": [], "excluded_lines": []}}, "classes": {"": {"executed_lines": [1, 2, 3, 4, 6, 8, 9, 15, 23, 24, 30], "summary": {"covered_lines": 11, "num_statements": 11, "percent_covered": 100.0, "percent_covered_display": "100", "missing_lines": 0, "excluded_lines": 0}, "missing_lines": [], "excluded_lines": []}}}, "backend/app/api/endpoints/info.py": {"executed_lines": [1, 3, 5, 6, 8], "summary": {"covered_lines": 5, "num_statements": 5, "percent_covered": 100.0, "percent_covered_display": "100", "missing_lines": 0, "excluded_lines": 0}, "missing_lines": [], "excluded_lines": [], "functions": {"service_info": {"executed_lines": [8], "summary": {"covered_lines": 1, "num_statements": 1, "percent_covered": 100.0, "percent_covered_display": "100", "missing_lines": 0, "excluded_lines": 0}, "missing_lines": [], "excluded_lines": []}, "": {"executed_lines": [1, 3, 5, 6], "summary": {"covered_lines": 4, "num_statements": 4, "percent_covered": 100.0, "percent_covered_display": "100", "missing_lines": 0, "excluded_lines": 0}, "missing_lines": [], "excluded_lines": []}}, "classes": {"": {"executed_lines": [1, 3, 5, 6, 8], "summary": {"covered_lines": 5, "num_statements": 5, "percent_covered": 100.0, "percent_covered_display": "100", "missing_lines": 0, "excluded_lines": 0}, "missing_lines": [], "excluded_lines": []}}}, "backend/app/core/__init__.py": {"executed_lines": [1], "summary": {"covered_lines": 0, "num_statements": 0, "percent_covered": 100.0, "percent_covered_display": "100", "missing_lines": 0, "excluded_lines": 0}, "missing_lines": [], "excluded_lines": [], "functions": {"": {"executed_lines": [1], "summary": {"covered_lines": 0, "num_statements": 0, "percent_covered": 100.0, "percent_covered_display": "100", "missing_lines": 0, "excluded_lines": 0}, "missing_lines": [], "excluded_lines": []}}, "classes": {"": {"executed_lines": [1], "summary": {"covered_lines": 0, "num_statements": 0, "percent_covered": 100.0, "percent_covered_display": "100", "missing_lines": 0, "excluded_lines": 0}, "missing_lines": [], "excluded_lines": []}}}, "backend/app/core/config.py": {"executed_lines": [1, 2, 3, 5, 6, 9, 10, 11, 14, 15, 16, 18, 20, 22, 24, 26, 28, 31, 32, 33, 36, 37, 38, 41, 42, 45, 48, 49, 50, 52, 59], "summary": {"covered_lines": 30, "num_statements": 30, "percent_covered": 100.0, "percent_covered_display": "100", "missing_lines": 0, "excluded_lines": 0}, "missing_lines": [], "excluded_lines": [], "functions": {"Settings.get_allowed_origins_list": {"executed_lines": [20], "summary": {"covered_lines": 1, "num_statements": 1, "percent_covered": 100.0, "percent_covered_display": "100", "missing_lines": 0, "excluded_lines": 0}, "missing_lines": [], "excluded_lines": []}, "Settings.get_allowed_methods_list": {"executed_lines": [24], "summary": {"covered_lines": 1, "num_statements": 1, "percent_covered": 100.0, "percent_covered_display": "100", "missing_lines": 0, "excluded_lines": 0}, "missing_lines": [], "excluded_lines": []}, "Settings.get_allowed_headers_list": {"executed_lines": [28], "summary": {"covered_lines": 1, "num_statements": 1, "percent_covered": 100.0, "percent_covered_display": "100", "missing_lines": 0, "excluded_lines": 0}, "missing_lines": [], "excluded_lines": []}, "": {"executed_lines": [1, 2, 3, 5, 6, 9, 10, 11, 14, 15, 16, 18, 22, 26, 31, 32, 33, 36, 37, 38, 41, 42, 45, 48, 49, 50, 52, 59], "summary": {"covered_lines": 27, "num_statements": 27, "percent_covered": 100.0, "percent_covered_display": "100", "missing_lines": 0, "excluded_lines": 0}, "missing_lines": [], "excluded_lines": []}}, "classes": {"Settings": {"executed_lines": [20, 24, 28], "summary": {"covered_lines": 3, "num_statements": 3, "percent_covered": 100.0, "percent_covered_display": "100", "missing_lines": 0, "excluded_lines": 0}, "missing_lines": [], "excluded_lines": []}, "": {"executed_lines": [1, 2, 3, 5, 6, 9, 10, 11, 14, 15, 16, 18, 22, 26, 31, 32, 33, 36, 37, 38, 41, 42, 45, 48, 49, 50, 52, 59], "summary": {"covered_lines": 27, "num_statements": 27, "percent_covered": 100.0, "percent_covered_display": "100", "missing_lines": 0, "excluded_lines": 0}, "missing_lines": [], "excluded_lines": []}}}, "backend/app/core/vad_tracker.py": {"executed_lines": [1, 2, 3, 4, 6, 9, 10, 12, 26, 27, 28, 31, 32, 33, 35, 48, 50, 52, 53, 54, 57, 58, 59, 61, 64, 67, 69, 70, 74, 76, 78, 80, 81, 82, 84, 91], "summary": {"covered_lines": 34, "num_statements": 34, "percent_covered": 100.0, "percent_covered_display": "100", "missing_lines": 0, "excluded_lines": 0}, "missing_lines": [], "excluded_lines": [], "functions": {"VADStateTracker.__init__": {"executed_lines": [26, 27, 28, 31, 32, 33], "summary": {"covered_lines": 6, "num_statements": 6, "percent_covered": 100.0, "percent_covered_display": "100", "missing_lines": 0, "excluded_lines": 0}, "missing_lines": [], "excluded_lines": []}, "VADStateTracker.process_audio_chunk": {"executed_lines": [48, 50, 52, 53, 54, 57, 58, 59, 61, 64, 67, 69, 70, 74, 76], "summary": {"covered_lines": 15, "num_statements": 15, "percent_covered": 100.0, "percent_covered_display": "100", "missing_lines": 0, "excluded_lines": 0}, "missing_lines": [], "excluded_lines": []}, "VADStateTracker.reset": {"executed_lines": [80, 81, 82], "summary": {"covered_lines": 3, "num_statements": 3, "percent_covered": 100.0, "percent_covered_display": "100", "missing_lines": 0, "excluded_lines": 0}, "missing_lines": [], "excluded_lines": []}, "VADStateTracker.get_state": {"executed_lines": [91], "summary": {"covered_lines": 1, "num_statements": 1, "percent_covered": 100.0, "percent_covered_display": "100", "missing_lines": 0, "excluded_lines": 0}, "missing_lines": [], "excluded_lines": []}, "": {"executed_lines": [1, 2, 3, 4, 6, 9, 10, 12, 35, 78, 84], "summary": {"covered_lines": 9, "num_statements": 9, "percent_covered": 100.0, "percent_covered_display": "100", "missing_lines": 0, "excluded_lines": 0}, "missing_lines": [], "excluded_lines": []}}, "classes": {"VADStateTracker": {"executed_lines": [26, 27, 28, 31, 32, 33, 48, 50, 52, 53, 54, 57, 58, 59, 61, 64, 67, 69, 70, 74, 76, 80, 81, 82, 91], "summary": {"covered_lines": 25, "num_statements": 25, "percent_covered": 100.0, "percent_covered_display": "100", "missing_lines": 0, "excluded_lines": 0}, "missing_lines": [], "excluded_lines": []}, "": {"executed_lines": [1, 2, 3, 4, 6, 9, 10, 12, 35, 78, 84], "summary": {"covered_lines": 9, "num_statements": 9, "percent_covered": 100.0, "percent_covered_display": "100", "missing_lines": 0, "excluded_lines": 0}, "missing_lines": [], "excluded_lines": []}}}, "backend/app/core/websocket.py": {"executed_lines": [1, 2, 3, 4, 5, 6, 7, 8, 10, 11, 12, 14, 17, 18, 19, 21, 22, 24, 25, 26, 27, 28, 29, 30, 32, 34, 36, 38, 88, 114, 203, 238, 258, 265, 274, 276, 278, 280, 282, 296], "summary": {"covered_lines": 38, "num_statements": 167, "percent_covered": 22.75449101796407, "percent_covered_display": "23", "missing_lines": 129, "excluded_lines": 0}, "missing_lines": [40, 42, 43, 44, 45, 46, 47, 50, 52, 53, 58, 59, 60, 61, 63, 64, 68, 71, 77, 78, 80, 81, 82, 83, 84, 85, 86, 90, 91, 92, 93, 96, 97, 98, 99, 100, 102, 103, 105, 106, 107, 109, 110, 111, 112, 116, 118, 119, 122, 123, 124, 128, 131, 134, 135, 137, 138, 140, 142, 143, 144, 148, 151, 152, 154, 156, 157, 158, 159, 163, 164, 165, 167, 168, 169, 172, 173, 174, 177, 178, 181, 186, 187, 190, 193, 194, 196, 197, 198, 205, 207, 210, 211, 212, 215, 221, 224, 229, 230, 231, 232, 233, 240, 241, 242, 246, 247, 249, 251, 252, 253, 260, 261, 262, 263, 267, 268, 269, 270, 271, 272, 284, 285, 287, 288, 289, 291, 292, 293], "excluded_lines": [], "functions": {"ConnectionManager.__init__": {"executed_lines": [25, 26, 27, 28, 29, 30, 32, 34, 36], "summary": {"covered_lines": 9, "num_statements": 9, "percent_covered": 100.0, "percent_covered_display": "100", "missing_lines": 0, "excluded_lines": 0}, "missing_lines": [], "excluded_lines": []}, "ConnectionManager.connect": {"executed_lines": [], "summary": {"covered_lines": 0, "num_statements": 27, "percent_covered": 0.0, "percent_covered_display": "0", "missing_lines": 27, "excluded_lines": 0}, "missing_lines": [40, 42, 43, 44, 45, 46, 47, 50, 52, 53, 58, 59, 60, 61, 63, 64, 68, 71, 77, 78, 80, 81, 82, 83, 84, 85, 86], "excluded_lines": []}, "ConnectionManager.disconnect": {"executed_lines": [], "summary": {"covered_lines": 0, "num_statements": 18, "percent_covered": 0.0, "percent_covered_display": "0", "missing_lines": 18, "excluded_lines": 0}, "missing_lines": [90, 91, 92, 93, 96, 97, 98, 99, 100, 102, 103, 105, 106, 107, 109, 110, 111, 112], "excluded_lines": []}, "ConnectionManager.process_audio": {"executed_lines": [], "summary": {"covered_lines": 0, "num_statements": 44, "percent_covered": 0.0, "percent_covered_display": "0", "missing_lines": 44, "excluded_lines": 0}, "missing_lines": [116, 118, 119, 122, 123, 124, 128, 131, 134, 135, 137, 138, 140, 142, 143, 144, 148, 151, 152, 154, 156, 157, 158, 159, 163, 164, 165, 167, 168, 169, 172, 173, 174, 177, 178, 181, 186, 187, 190, 193, 194, 196, 197, 198], "excluded_lines": []}, "ConnectionManager._recognize_audio_segment": {"executed_lines": [], "summary": {"covered_lines": 0, "num_statements": 13, "percent_covered": 0.0, "percent_covered_display": "0", "missing_lines": 13, "excluded_lines": 0}, "missing_lines": [205, 207, 210, 211, 212, 215, 221, 224, 229, 230, 231, 232, 233], "excluded_lines": []}, "ConnectionManager.process_audio_final": {"executed_lines": [], "summary": {"covered_lines": 0, "num_statements": 9, "percent_covered": 0.0, "percent_covered_display": "0", "missing_lines": 9, "excluded_lines": 0}, "missing_lines": [240, 241, 242, 246, 247, 249, 251, 252, 253], "excluded_lines": []}, "ConnectionManager.send_personal_message": {"executed_lines": [], "summary": {"covered_lines": 0, "num_statements": 4, "percent_covered": 0.0, "percent_covered_display": "0", "missing_lines": 4, "excluded_lines": 0}, "missing_lines": [260, 261, 262, 263], "excluded_lines": []}, "ConnectionManager.broadcast": {"executed_lines": [], "summary": {"covered_lines": 0, "num_statements": 6, "percent_covered": 0.0, "percent_covered_display": "0", "missing_lines": 6, "excluded_lines": 0}, "missing_lines": [267, 268, 269, 270, 271, 272], "excluded_lines": []}, "ConnectionManager.get_connection_count": {"executed_lines": [276], "summary": {"covered_lines": 1, "num_statements": 1, "percent_covered": 100.0, "percent_covered_display": "100", "missing_lines": 0, "excluded_lines": 0}, "missing_lines": [], "excluded_lines": []}, "ConnectionManager.is_connection_available": {"executed_lines": [280], "summary": {"covered_lines": 1, "num_statements": 1, "percent_covered": 100.0, "percent_covered_display": "100", "missing_lines": 0, "excluded_lines": 0}, "missing_lines": [], "excluded_lines": []}, "ConnectionManager.cleanup_inactive_connections": {"executed_lines": [], "summary": {"covered_lines": 0, "num_statements": 8, "percent_covered": 0.0, "percent_covered_display": "0", "missing_lines": 8, "excluded_lines": 0}, "missing_lines": [284, 285, 287, 288, 289, 291, 292, 293], "excluded_lines": []}, "": {"executed_lines": [1, 2, 3, 4, 5, 6, 7, 8, 10, 11, 12, 14, 17, 18, 19, 21, 22, 24, 38, 88, 114, 203, 238, 258, 265, 274, 278, 282, 296], "summary": {"covered_lines": 27, "num_statements": 27, "percent_covered": 100.0, "percent_covered_display": "100", "missing_lines": 0, "excluded_lines": 0}, "missing_lines": [], "excluded_lines": []}}, "classes": {"WebSocketDisconnectError": {"executed_lines": [], "summary": {"covered_lines": 0, "num_statements": 0, "percent_covered": 100.0, "percent_covered_display": "100", "missing_lines": 0, "excluded_lines": 0}, "missing_lines": [], "excluded_lines": []}, "ConnectionManager": {"executed_lines": [25, 26, 27, 28, 29, 30, 32, 34, 36, 276, 280], "summary": {"covered_lines": 11, "num_statements": 140, "percent_covered": 7.857142857142857, "percent_covered_display": "8", "missing_lines": 129, "excluded_lines": 0}, "missing_lines": [40, 42, 43, 44, 45, 46, 47, 50, 52, 53, 58, 59, 60, 61, 63, 64, 68, 71, 77, 78, 80, 81, 82, 83, 84, 85, 86, 90, 91, 92, 93, 96, 97, 98, 99, 100, 102, 103, 105, 106, 107, 109, 110, 111, 112, 116, 118, 119, 122, 123, 124, 128, 131, 134, 135, 137, 138, 140, 142, 143, 144, 148, 151, 152, 154, 156, 157, 158, 159, 163, 164, 165, 167, 168, 169, 172, 173, 174, 177, 178, 181, 186, 187, 190, 193, 194, 196, 197, 198, 205, 207, 210, 211, 212, 215, 221, 224, 229, 230, 231, 232, 233, 240, 241, 242, 246, 247, 249, 251, 252, 253, 260, 261, 262, 263, 267, 268, 269, 270, 271, 272, 284, 285, 287, 288, 289, 291, 292, 293], "excluded_lines": []}, "": {"executed_lines": [1, 2, 3, 4, 5, 6, 7, 8, 10, 11, 12, 14, 17, 18, 19, 21, 22, 24, 38, 88, 114, 203, 238, 258, 265, 274, 278, 282, 296], "summary": {"covered_lines": 27, "num_statements": 27, "percent_covered": 100.0, "percent_covered_display": "100", "missing_lines": 0, "excluded_lines": 0}, "missing_lines": [], "excluded_lines": []}}}, "backend/app/main.py": {"executed_lines": [1, 2, 3, 4, 5, 6, 7, 8, 11, 13, 14, 15, 16, 17, 20, 23, 26, 29, 32, 41, 44, 51, 62, 63, 65, 68, 71, 74, 77, 78, 84, 87, 88, 91, 92, 99, 100, 106, 107, 187, 188, 190, 206, 207, 209, 210, 212, 213, 215], "summary": {"covered_lines": 49, "num_statements": 91, "percent_covered": 53.84615384615385, "percent_covered_display": "54", "missing_lines": 42, "excluded_lines": 0}, "missing_lines": [111, 114, 115, 120, 121, 124, 125, 127, 130, 133, 134, 136, 139, 140, 143, 144, 148, 151, 153, 154, 155, 156, 157, 158, 160, 161, 163, 164, 168, 170, 171, 172, 174, 175, 177, 179, 180, 181, 182, 185, 211, 216], "excluded_lines": [], "functions": {"log_requests": {"executed_lines": [65, 68, 71, 74, 77, 78, 84], "summary": {"covered_lines": 7, "num_statements": 7, "percent_covered": 100.0, "percent_covered_display": "100", "missing_lines": 0, "excluded_lines": 0}, "missing_lines": [], "excluded_lines": []}, "generate_token": {"executed_lines": [99, 100], "summary": {"covered_lines": 2, "num_statements": 2, "percent_covered": 100.0, "percent_covered_display": "100", "missing_lines": 0, "excluded_lines": 0}, "missing_lines": [], "excluded_lines": []}, "websocket_endpoint": {"executed_lines": [], "summary": {"covered_lines": 0, "num_statements": 40, "percent_covered": 0.0, "percent_covered_display": "0", "missing_lines": 40, "excluded_lines": 0}, "missing_lines": [111, 114, 115, 120, 121, 124, 125, 127, 130, 133, 134, 136, 139, 140, 143, 144, 148, 151, 153, 154, 155, 156, 157, 158, 160, 161, 163, 164, 168, 170, 171, 172, 174, 175, 177, 179, 180, 181, 182, 185], "excluded_lines": []}, "read_root": {"executed_lines": [190], "summary": {"covered_lines": 1, "num_statements": 1, "percent_covered": 100.0, "percent_covered_display": "100", "missing_lines": 0, "excluded_lines": 0}, "missing_lines": [], "excluded_lines": []}, "get_frontend": {"executed_lines": [209, 210, 212, 213], "summary": {"covered_lines": 4, "num_statements": 5, "percent_covered": 80.0, "percent_covered_display": "80", "missing_lines": 1, "excluded_lines": 0}, "missing_lines": [211], "excluded_lines": []}, "": {"executed_lines": [1, 2, 3, 4, 5, 6, 7, 8, 11, 13, 14, 15, 16, 17, 20, 23, 26, 29, 32, 41, 44, 51, 62, 63, 87, 88, 91, 92, 106, 107, 187, 188, 206, 207, 215], "summary": {"covered_lines": 35, "num_statements": 36, "percent_covered": 97.22222222222223, "percent_covered_display": "97", "missing_lines": 1, "excluded_lines": 0}, "missing_lines": [216], "excluded_lines": []}}, "classes": {"": {"executed_lines": [1, 2, 3, 4, 5, 6, 7, 8, 11, 13, 14, 15, 16, 17, 20, 23, 26, 29, 32, 41, 44, 51, 62, 63, 65, 68, 71, 74, 77, 78, 84, 87, 88, 91, 92, 99, 100, 106, 107, 187, 188, 190, 206, 207, 209, 210, 212, 213, 215], "summary": {"covered_lines": 49, "num_statements": 91, "percent_covered": 53.84615384615385, "percent_covered_display": "54", "missing_lines": 42, "excluded_lines": 0}, "missing_lines": [111, 114, 115, 120, 121, 124, 125, 127, 130, 133, 134, 136, 139, 140, 143, 144, 148, 151, 153, 154, 155, 156, 157, 158, 160, 161, 163, 164, 168, 170, 171, 172, 174, 175, 177, 179, 180, 181, 182, 185, 211, 216], "excluded_lines": []}}}, "backend/app/middleware/__init__.py": {"executed_lines": [1, 6, 7, 9], "summary": {"covered_lines": 3, "num_statements": 3, "percent_covered": 100.0, "percent_covered_display": "100", "missing_lines": 0, "excluded_lines": 0}, "missing_lines": [], "excluded_lines": [], "functions": {"": {"executed_lines": [1, 6, 7, 9], "summary": {"covered_lines": 3, "num_statements": 3, "percent_covered": 100.0, "percent_covered_display": "100", "missing_lines": 0, "excluded_lines": 0}, "missing_lines": [], "excluded_lines": []}}, "classes": {"": {"executed_lines": [1, 6, 7, 9], "summary": {"covered_lines": 3, "num_statements": 3, "percent_covered": 100.0, "percent_covered_display": "100", "missing_lines": 0, "excluded_lines": 0}, "missing_lines": [], "excluded_lines": []}}}, "backend/app/middleware/rate_limit.py": {"executed_lines": [1, 6, 7, 8, 9, 10, 12, 15, 16, 23, 32, 33, 34, 35, 36, 37, 39, 41, 42, 43, 44, 45, 46, 48, 59, 61, 64, 70, 71, 75, 78, 79, 81, 91, 94, 99, 101, 108, 109, 110, 112, 119, 120, 122, 123, 124, 128, 131, 132, 134, 135, 137], "summary": {"covered_lines": 50, "num_statements": 50, "percent_covered": 100.0, "percent_covered_display": "100", "missing_lines": 0, "excluded_lines": 0}, "missing_lines": [], "excluded_lines": [], "functions": {"RateLimiter.__init__": {"executed_lines": [32, 33, 34, 35, 36, 37], "summary": {"covered_lines": 6, "num_statements": 6, "percent_covered": 100.0, "percent_covered_display": "100", "missing_lines": 0, "excluded_lines": 0}, "missing_lines": [], "excluded_lines": []}, "RateLimiter._auto_cleanup_if_needed": {"executed_lines": [41, 42, 43, 44, 45, 46], "summary": {"covered_lines": 6, "num_statements": 6, "percent_covered": 100.0, "percent_covered_display": "100", "missing_lines": 0, "excluded_lines": 0}, "missing_lines": [], "excluded_lines": []}, "RateLimiter.is_allowed": {"executed_lines": [59, 61, 64, 70, 71, 75, 78, 79], "summary": {"covered_lines": 8, "num_statements": 8, "percent_covered": 100.0, "percent_covered_display": "100", "missing_lines": 0, "excluded_lines": 0}, "missing_lines": [], "excluded_lines": []}, "RateLimiter.get_remaining_requests": {"executed_lines": [91, 94, 99], "summary": {"covered_lines": 3, "num_statements": 3, "percent_covered": 100.0, "percent_covered_display": "100", "missing_lines": 0, "excluded_lines": 0}, "missing_lines": [], "excluded_lines": []}, "RateLimiter.reset": {"executed_lines": [108, 109, 110], "summary": {"covered_lines": 3, "num_statements": 3, "percent_covered": 100.0, "percent_covered_display": "100", "missing_lines": 0, "excluded_lines": 0}, "missing_lines": [], "excluded_lines": []}, "RateLimiter.cleanup_all": {"executed_lines": [119, 120, 122, 123, 124, 128, 131, 132, 134, 135, 137], "summary": {"covered_lines": 11, "num_statements": 11, "percent_covered": 100.0, "percent_covered_display": "100", "missing_lines": 0, "excluded_lines": 0}, "missing_lines": [], "excluded_lines": []}, "": {"executed_lines": [1, 6, 7, 8, 9, 10, 12, 15, 16, 23, 39, 48, 81, 101, 112], "summary": {"covered_lines": 13, "num_statements": 13, "percent_covered": 100.0, "percent_covered_display": "100", "missing_lines": 0, "excluded_lines": 0}, "missing_lines": [], "excluded_lines": []}}, "classes": {"RateLimiter": {"executed_lines": [32, 33, 34, 35, 36, 37, 41, 42, 43, 44, 45, 46, 59, 61, 64, 70, 71, 75, 78, 79, 91, 94, 99, 108, 109, 110, 119, 120, 122, 123, 124, 128, 131, 132, 134, 135, 137], "summary": {"covered_lines": 37, "num_statements": 37, "percent_covered": 100.0, "percent_covered_display": "100", "missing_lines": 0, "excluded_lines": 0}, "missing_lines": [], "excluded_lines": []}, "": {"executed_lines": [1, 6, 7, 8, 9, 10, 12, 15, 16, 23, 39, 48, 81, 101, 112], "summary": {"covered_lines": 13, "num_statements": 13, "percent_covered": 100.0, "percent_covered_display": "100", "missing_lines": 0, "excluded_lines": 0}, "missing_lines": [], "excluded_lines": []}}}, "backend/app/middleware/websocket_auth.py": {"executed_lines": [1, 6, 7, 8, 9, 10, 12, 14, 17, 18, 24, 31, 32, 34, 41, 42, 43, 44, 45, 47, 57, 58, 61, 62, 63, 66, 67, 68, 69, 70, 72, 74, 84, 85, 86, 87, 88, 90, 97, 98, 103, 104, 106, 107, 109, 113, 116, 117, 123, 130, 132, 143, 146, 147, 148, 152, 153, 156, 157, 160, 161, 165, 166, 168, 169, 172, 182, 185, 192, 195, 208], "summary": {"covered_lines": 68, "num_statements": 70, "percent_covered": 97.14285714285714, "percent_covered_display": "97", "missing_lines": 2, "excluded_lines": 0}, "missing_lines": [205, 218], "excluded_lines": [], "functions": {"TokenManager.__init__": {"executed_lines": [31, 32], "summary": {"covered_lines": 2, "num_statements": 2, "percent_covered": 100.0, "percent_covered_display": "100", "missing_lines": 0, "excluded_lines": 0}, "missing_lines": [], "excluded_lines": []}, "TokenManager.generate_token": {"executed_lines": [41, 42, 43, 44, 45], "summary": {"covered_lines": 5, "num_statements": 5, "percent_covered": 100.0, "percent_covered_display": "100", "missing_lines": 0, "excluded_lines": 0}, "missing_lines": [], "excluded_lines": []}, "TokenManager.validate_token": {"executed_lines": [57, 58, 61, 62, 63, 66, 67, 68, 69, 70, 72], "summary": {"covered_lines": 11, "num_statements": 11, "percent_covered": 100.0, "percent_covered_display": "100", "missing_lines": 0, "excluded_lines": 0}, "missing_lines": [], "excluded_lines": []}, "TokenManager.revoke_token": {"executed_lines": [84, 85, 86, 87, 88], "summary": {"covered_lines": 5, "num_statements": 5, "percent_covered": 100.0, "percent_covered_display": "100", "missing_lines": 0, "excluded_lines": 0}, "missing_lines": [], "excluded_lines": []}, "TokenManager.cleanup_expired": {"executed_lines": [97, 98, 103, 104, 106, 107, 109], "summary": {"covered_lines": 7, "num_statements": 7, "percent_covered": 100.0, "percent_covered_display": "100", "missing_lines": 0, "excluded_lines": 0}, "missing_lines": [], "excluded_lines": []}, "WebSocketAuth.__init__": {"executed_lines": [130], "summary": {"covered_lines": 1, "num_statements": 1, "percent_covered": 100.0, "percent_covered_display": "100", "missing_lines": 0, "excluded_lines": 0}, "missing_lines": [], "excluded_lines": []}, "WebSocketAuth.authenticate": {"executed_lines": [143, 146, 147, 148, 152, 153, 156, 157, 160, 161, 165, 166, 168, 169], "summary": {"covered_lines": 14, "num_statements": 14, "percent_covered": 100.0, "percent_covered_display": "100", "missing_lines": 0, "excluded_lines": 0}, "missing_lines": [], "excluded_lines": []}, "get_token_from_query": {"executed_lines": [182], "summary": {"covered_lines": 1, "num_statements": 1, "percent_covered": 100.0, "percent_covered_display": "100", "missing_lines": 0, "excluded_lines": 0}, "missing_lines": [], "excluded_lines": []}, "generate_access_token": {"executed_lines": [192], "summary": {"covered_lines": 1, "num_statements": 1, "percent_covered": 100.0, "percent_covered_display": "100", "missing_lines": 0, "excluded_lines": 0}, "missing_lines": [], "excluded_lines": []}, "validate_access_token": {"executed_lines": [], "summary": {"covered_lines": 0, "num_statements": 1, "percent_covered": 0.0, "percent_covered_display": "0", "missing_lines": 1, "excluded_lines": 0}, "missing_lines": [205], "excluded_lines": []}, "revoke_access_token": {"executed_lines": [], "summary": {"covered_lines": 0, "num_statements": 1, "percent_covered": 0.0, "percent_covered_display": "0", "missing_lines": 1, "excluded_lines": 0}, "missing_lines": [218], "excluded_lines": []}, "": {"executed_lines": [1, 6, 7, 8, 9, 10, 12, 14, 17, 18, 24, 34, 47, 74, 90, 113, 116, 117, 123, 132, 172, 185, 195, 208], "summary": {"covered_lines": 21, "num_statements": 21, "percent_covered": 100.0, "percent_covered_display": "100", "missing_lines": 0, "excluded_lines": 0}, "missing_lines": [], "excluded_lines": []}}, "classes": {"TokenManager": {"executed_lines": [31, 32, 41, 42, 43, 44, 45, 57, 58, 61, 62, 63, 66, 67, 68, 69, 70, 72, 84, 85, 86, 87, 88, 97, 98, 103, 104, 106, 107, 109], "summary": {"covered_lines": 30, "num_statements": 30, "percent_covered": 100.0, "percent_covered_display": "100", "missing_lines": 0, "excluded_lines": 0}, "missing_lines": [], "excluded_lines": []}, "WebSocketAuth": {"executed_lines": [130, 143, 146, 147, 148, 152, 153, 156, 157, 160, 161, 165, 166, 168, 169], "summary": {"covered_lines": 15, "num_statements": 15, "percent_covered": 100.0, "percent_covered_display": "100", "missing_lines": 0, "excluded_lines": 0}, "missing_lines": [], "excluded_lines": []}, "": {"executed_lines": [1, 6, 7, 8, 9, 10, 12, 14, 17, 18, 24, 34, 47, 74, 90, 113, 116, 117, 123, 132, 172, 182, 185, 192, 195, 208], "summary": {"covered_lines": 23, "num_statements": 25, "percent_covered": 92.0, "percent_covered_display": "92", "missing_lines": 2, "excluded_lines": 0}, "missing_lines": [205, 218], "excluded_lines": []}}}, "backend/app/services/__init__.py": {"executed_lines": [1, 3], "summary": {"covered_lines": 2, "num_statements": 2, "percent_covered": 100.0, "percent_covered_display": "100", "missing_lines": 0, "excluded_lines": 0}, "missing_lines": [], "excluded_lines": [], "functions": {"": {"executed_lines": [1, 3], "summary": {"covered_lines": 2, "num_statements": 2, "percent_covered": 100.0, "percent_covered_display": "100", "missing_lines": 0, "excluded_lines": 0}, "missing_lines": [], "excluded_lines": []}}, "classes": {"": {"executed_lines": [1, 3], "summary": {"covered_lines": 2, "num_statements": 2, "percent_covered": 100.0, "percent_covered_display": "100", "missing_lines": 0, "excluded_lines": 0}, "missing_lines": [], "excluded_lines": []}}}, "backend/app/services/funasr_service.py": {"executed_lines": [1, 2, 3, 4, 5, 6, 7, 8, 9, 11, 12, 13, 15, 19, 22, 23, 25, 29, 30, 31, 32, 33, 34, 35, 36, 38, 40, 41, 44, 45, 46, 48, 52, 55, 59, 62, 66, 69, 73, 75, 76, 82, 84, 86, 89, 92, 93, 95, 97, 98, 99, 101, 123, 221, 242, 275, 291, 292, 294, 296, 297, 300, 304, 307, 309, 312, 331, 333, 334, 336, 338, 357], "summary": {"covered_lines": 71, "num_statements": 179, "percent_covered": 39.66480446927374, "percent_covered_display": "40", "missing_lines": 108, "excluded_lines": 0}, "missing_lines": [49, 78, 79, 80, 103, 105, 106, 107, 108, 109, 112, 113, 115, 117, 118, 119, 120, 121, 125, 126, 128, 129, 131, 133, 136, 139, 140, 143, 150, 151, 152, 153, 155, 158, 161, 162, 163, 165, 170, 171, 172, 173, 174, 175, 177, 179, 182, 195, 196, 198, 199, 200, 211, 212, 213, 214, 215, 216, 218, 219, 223, 225, 226, 227, 228, 229, 230, 231, 232, 240, 244, 245, 247, 249, 252, 255, 256, 259, 261, 267, 268, 269, 313, 314, 315, 316, 317, 318, 319, 320, 321, 324, 325, 326, 327, 328, 329, 341, 342, 343, 344, 345, 349, 350, 351, 352, 353, 354], "excluded_lines": [], "functions": {"FunASRService.__init__": {"executed_lines": [29, 30, 31, 32, 33, 34, 35, 36], "summary": {"covered_lines": 8, "num_statements": 8, "percent_covered": 100.0, "percent_covered_display": "100", "missing_lines": 0, "excluded_lines": 0}, "missing_lines": [], "excluded_lines": []}, "FunASRService.initialize": {"executed_lines": [40, 41, 44, 45, 46, 48, 52, 55, 59, 62, 66, 69, 73, 75, 76], "summary": {"covered_lines": 15, "num_statements": 19, "percent_covered": 78.94736842105263, "percent_covered_display": "79", "missing_lines": 4, "excluded_lines": 0}, "missing_lines": [49, 78, 79, 80], "excluded_lines": []}, "FunASRService._validate_audio": {"executed_lines": [84, 86, 89, 92, 93, 95, 97, 98, 99], "summary": {"covered_lines": 9, "num_statements": 9, "percent_covered": 100.0, "percent_covered_display": "100", "missing_lines": 0, "excluded_lines": 0}, "missing_lines": [], "excluded_lines": []}, "FunASRService._save_temp_audio": {"executed_lines": [], "summary": {"covered_lines": 0, "num_statements": 14, "percent_covered": 0.0, "percent_covered_display": "0", "missing_lines": 14, "excluded_lines": 0}, "missing_lines": [103, 105, 106, 107, 108, 109, 112, 113, 115, 117, 118, 119, 120, 121], "excluded_lines": []}, "FunASRService.recognize_speech": {"executed_lines": [], "summary": {"covered_lines": 0, "num_statements": 42, "percent_covered": 0.0, "percent_covered_display": "0", "missing_lines": 42, "excluded_lines": 0}, "missing_lines": [125, 126, 128, 129, 131, 133, 136, 139, 140, 143, 150, 151, 152, 153, 155, 158, 161, 162, 163, 165, 170, 171, 172, 173, 174, 175, 177, 179, 182, 195, 196, 198, 199, 200, 211, 212, 213, 214, 215, 216, 218, 219], "excluded_lines": []}, "FunASRService.batch_recognize": {"executed_lines": [], "summary": {"covered_lines": 0, "num_statements": 10, "percent_covered": 0.0, "percent_covered_display": "0", "missing_lines": 10, "excluded_lines": 0}, "missing_lines": [223, 225, 226, 227, 228, 229, 230, 231, 232, 240], "excluded_lines": []}, "FunASRService.detect_voice_activity": {"executed_lines": [], "summary": {"covered_lines": 0, "num_statements": 12, "percent_covered": 0.0, "percent_covered_display": "0", "missing_lines": 12, "excluded_lines": 0}, "missing_lines": [244, 245, 247, 249, 252, 255, 256, 259, 261, 267, 268, 269], "excluded_lines": []}, "FunASRService.detect_voice_activity_realtime": {"executed_lines": [291, 292, 294, 296, 297, 300, 304, 307, 309, 312, 331, 333, 334, 336], "summary": {"covered_lines": 14, "num_statements": 29, "percent_covered": 48.275862068965516, "percent_covered_display": "48", "missing_lines": 15, "excluded_lines": 0}, "missing_lines": [313, 314, 315, 316, 317, 318, 319, 320, 321, 324, 325, 326, 327, 328, 329], "excluded_lines": []}, "FunASRService.cleanup": {"executed_lines": [], "summary": {"covered_lines": 0, "num_statements": 11, "percent_covered": 0.0, "percent_covered_display": "0", "missing_lines": 11, "excluded_lines": 0}, "missing_lines": [341, 342, 343, 344, 345, 349, 350, 351, 352, 353, 354], "excluded_lines": []}, "": {"executed_lines": [1, 2, 3, 4, 5, 6, 7, 8, 9, 11, 12, 13, 15, 19, 22, 23, 25, 38, 82, 101, 123, 221, 242, 275, 338, 357], "summary": {"covered_lines": 25, "num_statements": 25, "percent_covered": 100.0, "percent_covered_display": "100", "missing_lines": 0, "excluded_lines": 0}, "missing_lines": [], "excluded_lines": []}}, "classes": {"FunASRService": {"executed_lines": [29, 30, 31, 32, 33, 34, 35, 36, 40, 41, 44, 45, 46, 48, 52, 55, 59, 62, 66, 69, 73, 75, 76, 84, 86, 89, 92, 93, 95, 97, 98, 99, 291, 292, 294, 296, 297, 300, 304, 307, 309, 312, 331, 333, 334, 336], "summary": {"covered_lines": 46, "num_statements": 154, "percent_covered": 29.87012987012987, "percent_covered_display": "30", "missing_lines": 108, "excluded_lines": 0}, "missing_lines": [49, 78, 79, 80, 103, 105, 106, 107, 108, 109, 112, 113, 115, 117, 118, 119, 120, 121, 125, 126, 128, 129, 131, 133, 136, 139, 140, 143, 150, 151, 152, 153, 155, 158, 161, 162, 163, 165, 170, 171, 172, 173, 174, 175, 177, 179, 182, 195, 196, 198, 199, 200, 211, 212, 213, 214, 215, 216, 218, 219, 223, 225, 226, 227, 228, 229, 230, 231, 232, 240, 244, 245, 247, 249, 252, 255, 256, 259, 261, 267, 268, 269, 313, 314, 315, 316, 317, 318, 319, 320, 321, 324, 325, 326, 327, 328, 329, 341, 342, 343, 344, 345, 349, 350, 351, 352, 353, 354], "excluded_lines": []}, "": {"executed_lines": [1, 2, 3, 4, 5, 6, 7, 8, 9, 11, 12, 13, 15, 19, 22, 23, 25, 38, 82, 101, 123, 221, 242, 275, 338, 357], "summary": {"covered_lines": 25, "num_statements": 25, "percent_covered": 100.0, "percent_covered_display": "100", "missing_lines": 0, "excluded_lines": 0}, "missing_lines": [], "excluded_lines": []}}}}, "totals": {"covered_lines": 361, "num_statements": 642, "percent_covered": 56.230529595015575, "percent_covered_display": "56", "missing_lines": 281, "excluded_lines": 0}}